  Проверка источников на наличие зависимостей модуля…
  guest_mem.c
  hooks.c
D:\WindowsDrivers\svm-vmm\hypervisor\guest_mem.c(8,51): error C2065: Vcpu: необъявленный идентификатор
D:\WindowsDrivers\svm-vmm\hypervisor\guest_mem.c(8,51): warning C4047: функция: "VCPU *" отличается по уровням косвенного обращения от "int"
D:\WindowsDrivers\svm-vmm\hypervisor\guest_mem.c(8,51): warning C4024: GuestTranslateGpaToHpa: различные типы для формального и фактического параметров 1
D:\WindowsDrivers\svm-vmm\hypervisor\guest_mem.c(34,30): error C2143: синтаксическая ошибка: отсутствие ";" перед "{"
D:\WindowsDrivers\svm-vmm\hypervisor\guest_mem.c(34,23): warning C4033: "GuestTranslateGvaToGpa" должен возвращать значение
D:\WindowsDrivers\svm-vmm\hypervisor\guest_mem.c(34,34): error C2143: синтаксическая ошибка: отсутствие ";" перед "}"
D:\WindowsDrivers\svm-vmm\hypervisor\guest_mem.c(36,20): error C2065: pml4e: необъявленный идентификатор
D:\WindowsDrivers\svm-vmm\hypervisor\guest_mem.c(36,12): error C2099: инициализатор не является константой
D:\WindowsDrivers\svm-vmm\hypervisor\guest_mem.c(37,14): error C2065: Gva: необъявленный идентификатор
D:\WindowsDrivers\svm-vmm\hypervisor\guest_mem.c(37,5): error C2099: инициализатор не является константой
D:\WindowsDrivers\svm-vmm\hypervisor\guest_mem.c(39,35): error C2065: V: необъявленный идентификатор
D:\WindowsDrivers\svm-vmm\hypervisor\guest_mem.c(39,35): warning C4047: функция: "VCPU *" отличается по уровням косвенного обращения от "int"
D:\WindowsDrivers\svm-vmm\hypervisor\guest_mem.c(39,35): warning C4024: ReadGuestQword: различные типы для формального и фактического параметров 1
D:\WindowsDrivers\svm-vmm\hypervisor\guest_mem.c(39,12): error C2099: инициализатор не является константой
D:\WindowsDrivers\svm-vmm\hypervisor\guest_mem.c(40,5): error C2059: синтаксическая ошибка: if
D:\WindowsDrivers\svm-vmm\hypervisor\guest_mem.c(42,5): error C2059: синтаксическая ошибка: if
D:\WindowsDrivers\svm-vmm\hypervisor\guest_mem.c(49,12): error C2099: инициализатор не является константой
D:\WindowsDrivers\svm-vmm\hypervisor\guest_mem.c(50,5): error C2374: index: переопределение; множественная инициализация
      D:\WindowsDrivers\svm-vmm\hypervisor\guest_mem.c(37,5):
       см. объявление "index"
  
D:\WindowsDrivers\svm-vmm\hypervisor\guest_mem.c(50,14): error C2065: Gva: необъявленный идентификатор
D:\WindowsDrivers\svm-vmm\hypervisor\guest_mem.c(52,33): error C2065: V: необъявленный идентификатор
D:\WindowsDrivers\svm-vmm\hypervisor\guest_mem.c(52,33): warning C4047: функция: "VCPU *" отличается по уровням косвенного обращения от "int"
D:\WindowsDrivers\svm-vmm\hypervisor\guest_mem.c(52,33): warning C4024: ReadGuestQword: различные типы для формального и фактического параметров 1
D:\WindowsDrivers\svm-vmm\hypervisor\guest_mem.c(52,12): error C2099: инициализатор не является константой
D:\WindowsDrivers\svm-vmm\hypervisor\guest_mem.c(53,5): error C2059: синтаксическая ошибка: if
D:\WindowsDrivers\svm-vmm\hypervisor\guest_mem.c(55,5): error C2059: синтаксическая ошибка: if
D:\WindowsDrivers\svm-vmm\hypervisor\guest_mem.c(62,12): error C2099: инициализатор не является константой
D:\WindowsDrivers\svm-vmm\hypervisor\guest_mem.c(63,5): error C2374: index: переопределение; множественная инициализация
      D:\WindowsDrivers\svm-vmm\hypervisor\guest_mem.c(37,5):
       см. объявление "index"
  
D:\WindowsDrivers\svm-vmm\hypervisor\guest_mem.c(63,14): error C2065: Gva: необъявленный идентификатор
D:\WindowsDrivers\svm-vmm\hypervisor\guest_mem.c(65,33): error C2065: V: необъявленный идентификатор
D:\WindowsDrivers\svm-vmm\hypervisor\guest_mem.c(65,33): warning C4047: функция: "VCPU *" отличается по уровням косвенного обращения от "int"
D:\WindowsDrivers\svm-vmm\hypervisor\guest_mem.c(65,33): warning C4024: ReadGuestQword: различные типы для формального и фактического параметров 1
D:\WindowsDrivers\svm-vmm\hypervisor\guest_mem.c(65,12): error C2099: инициализатор не является константой
D:\WindowsDrivers\svm-vmm\hypervisor\guest_mem.c(66,5): error C2059: синтаксическая ошибка: if
D:\WindowsDrivers\svm-vmm\hypervisor\guest_mem.c(69,7): error C2143: синтаксическая ошибка: отсутствие "{" перед "."
D:\WindowsDrivers\svm-vmm\hypervisor\guest_mem.c(69,7): error C2059: синтаксическая ошибка: .
D:\WindowsDrivers\svm-vmm\hypervisor\guest_mem.c(70,5): error C2059: синтаксическая ошибка: return
D:\WindowsDrivers\svm-vmm\hypervisor\guest_mem.c(71,1): error C2059: синтаксическая ошибка: }
D:\WindowsDrivers\svm-vmm\hypervisor\guest_mem.c(88,22): error C2440: инициализация: невозможно преобразовать "int" в "PHYSICAL_ADDRESS"
D:\WindowsDrivers\svm-vmm\hypervisor\hooks.c(60,10): error C2065: MSR_LSTAR: необъявленный идентификатор
D:\WindowsDrivers\svm-vmm\hypervisor\hooks.c(65,10): error C2065: MSR_STAR: необъявленный идентификатор
D:\WindowsDrivers\svm-vmm\hypervisor\hooks.c(68,10): error C2065: MSR_SFMASK: необъявленный идентификатор
D:\WindowsDrivers\svm-vmm\hypervisor\hooks.c(60,10): error C2051: значение выражения для варианта выбора не является константой
D:\WindowsDrivers\svm-vmm\hypervisor\hooks.c(65,10): error C2051: значение выражения для варианта выбора не является константой
D:\WindowsDrivers\svm-vmm\hypervisor\hooks.c(68,10): error C2051: значение выражения для варианта выбора не является константой
D:\WindowsDrivers\svm-vmm\hypervisor\hooks.c(80,33): error C2065: MSR_LSTAR: необъявленный идентификатор
D:\WindowsDrivers\svm-vmm\hypervisor\hooks.c(81,32): error C2065: MSR_STAR: необъявленный идентификатор
D:\WindowsDrivers\svm-vmm\hypervisor\hooks.c(82,34): error C2065: MSR_SFMASK: необъявленный идентификатор
D:\WindowsDrivers\svm-vmm\hypervisor\hooks.c(89,20): error C2065: MSR_LSTAR: необъявленный идентификатор
D:\WindowsDrivers\svm-vmm\hypervisor\hooks.c(98,16): error C2065: MSR_LSTAR: необъявленный идентификатор
D:\WindowsDrivers\svm-vmm\hypervisor\hooks.c(99,16): error C2065: MSR_STAR: необъявленный идентификатор
D:\WindowsDrivers\svm-vmm\hypervisor\hooks.c(100,16): error C2065: MSR_SFMASK: необъявленный идентификатор
D:\WindowsDrivers\svm-vmm\hypervisor\hooks.c(109,10): error C2065: MSR_LSTAR: необъявленный идентификатор
D:\WindowsDrivers\svm-vmm\hypervisor\hooks.c(114,10): error C2065: MSR_STAR: необъявленный идентификатор
D:\WindowsDrivers\svm-vmm\hypervisor\hooks.c(119,10): error C2065: MSR_SFMASK: необъявленный идентификатор
D:\WindowsDrivers\svm-vmm\hypervisor\hooks.c(109,10): error C2051: значение выражения для варианта выбора не является константой
D:\WindowsDrivers\svm-vmm\hypervisor\hooks.c(114,10): error C2051: значение выражения для варианта выбора не является константой
D:\WindowsDrivers\svm-vmm\hypervisor\hooks.c(119,10): error C2051: значение выражения для варианта выбора не является константой
D:\WindowsDrivers\svm-vmm\hypervisor\hooks.c(193,9): error C2065: BYTE: необъявленный идентификатор
D:\WindowsDrivers\svm-vmm\hypervisor\hooks.c(193,14): error C2146: синтаксическая ошибка: отсутствие ";" перед идентификатором "buf"
D:\WindowsDrivers\svm-vmm\hypervisor\hooks.c(193,14): error C2065: buf: необъявленный идентификатор
D:\WindowsDrivers\svm-vmm\hypervisor\hooks.c(193,17): error C2109: для индекса требуется массив или указатель
D:\WindowsDrivers\svm-vmm\hypervisor\hooks.c(194,33): error C2065: buf: необъявленный идентификатор
D:\WindowsDrivers\svm-vmm\hypervisor\hooks.c(194,33): warning C4022: GuestReadGva: несоответствие указателя для фактического параметра 3
D:\WindowsDrivers\svm-vmm\hypervisor\hooks.c(194,45): error C2065: buf: необъявленный идентификатор
D:\WindowsDrivers\svm-vmm\hypervisor\hooks.c(195,30): error C2065: buf: необъявленный идентификатор
D:\WindowsDrivers\svm-vmm\hypervisor\hooks.c(195,21): warning C4312: приведение типов: преобразование из "int" в "UINT64 *" большего размера
  hypervisor.c
D:\WindowsDrivers\svm-vmm\hypervisor\hypervisor.c(34,21): error C2039: "Rcx": не является членом "_VMCB_STATE_SAVE_AREA".
      D:\WindowsDrivers\svm-vmm\hypervisor\vmcb.h(49,16):
       см. объявление "_VMCB_STATE_SAVE_AREA"
  
D:\WindowsDrivers\svm-vmm\hypervisor\hypervisor.c(54,8): error C2039: "Rbx": не является членом "_VMCB_STATE_SAVE_AREA".
      D:\WindowsDrivers\svm-vmm\hypervisor\vmcb.h(49,16):
       см. объявление "_VMCB_STATE_SAVE_AREA"
  
D:\WindowsDrivers\svm-vmm\hypervisor\hypervisor.c(55,8): error C2039: "Rcx": не является членом "_VMCB_STATE_SAVE_AREA".
      D:\WindowsDrivers\svm-vmm\hypervisor\vmcb.h(49,16):
       см. объявление "_VMCB_STATE_SAVE_AREA"
  
D:\WindowsDrivers\svm-vmm\hypervisor\hypervisor.c(56,8): error C2039: "Rdx": не является членом "_VMCB_STATE_SAVE_AREA".
      D:\WindowsDrivers\svm-vmm\hypervisor\vmcb.h(49,16):
       см. объявление "_VMCB_STATE_SAVE_AREA"
  
D:\WindowsDrivers\svm-vmm\hypervisor\hypervisor.c(68,25): error C2039: "Rcx": не является членом "_VMCB_STATE_SAVE_AREA".
      D:\WindowsDrivers\svm-vmm\hypervisor\vmcb.h(49,16):
       см. объявление "_VMCB_STATE_SAVE_AREA"
  
D:\WindowsDrivers\svm-vmm\hypervisor\hypervisor.c(69,21): error C2039: "Rcx": не является членом "_VMCB_STATE_SAVE_AREA".
      D:\WindowsDrivers\svm-vmm\hypervisor\vmcb.h(49,16):
       см. объявление "_VMCB_STATE_SAVE_AREA"
  
D:\WindowsDrivers\svm-vmm\hypervisor\hypervisor.c(93,22): error C2039: "Rbx": не является членом "_VMCB_STATE_SAVE_AREA".
      D:\WindowsDrivers\svm-vmm\hypervisor\vmcb.h(49,16):
       см. объявление "_VMCB_STATE_SAVE_AREA"
  
D:\WindowsDrivers\svm-vmm\hypervisor\hypervisor.c(94,22): error C2039: "Rcx": не является членом "_VMCB_STATE_SAVE_AREA".
      D:\WindowsDrivers\svm-vmm\hypervisor\vmcb.h(49,16):
       см. объявление "_VMCB_STATE_SAVE_AREA"
  
D:\WindowsDrivers\svm-vmm\hypervisor\hypervisor.c(95,22): error C2039: "Rdx": не является членом "_VMCB_STATE_SAVE_AREA".
      D:\WindowsDrivers\svm-vmm\hypervisor\vmcb.h(49,16):
       см. объявление "_VMCB_STATE_SAVE_AREA"
  
  npt.c
  stealth.c
  svm.c
D:\WindowsDrivers\svm-vmm\hypervisor\svm.c(33,35): error C2143: синтаксическая ошибка: отсутствие ")" перед "*"
D:\WindowsDrivers\svm-vmm\hypervisor\svm.c(33,35): error C2143: синтаксическая ошибка: отсутствие "{" перед "*"
D:\WindowsDrivers\svm-vmm\hypervisor\svm.c(33,38): error C2059: синтаксическая ошибка: )
D:\WindowsDrivers\svm-vmm\hypervisor\svm.c(33,37): error C2054: требуется "(" после "V"
D:\WindowsDrivers\svm-vmm\hypervisor\svm.c(45,31): error C2143: синтаксическая ошибка: отсутствие ")" перед "*"
D:\WindowsDrivers\svm-vmm\hypervisor\svm.c(45,31): error C2143: синтаксическая ошибка: отсутствие "{" перед "*"
D:\WindowsDrivers\svm-vmm\hypervisor\svm.c(45,34): error C2059: синтаксическая ошибка: )
D:\WindowsDrivers\svm-vmm\hypervisor\svm.c(45,33): error C2054: требуется "(" после "V"
D:\WindowsDrivers\svm-vmm\hypervisor\svm.c(55,37): error C2143: синтаксическая ошибка: отсутствие ")" перед "*"
D:\WindowsDrivers\svm-vmm\hypervisor\svm.c(55,37): error C2143: синтаксическая ошибка: отсутствие "{" перед "*"
D:\WindowsDrivers\svm-vmm\hypervisor\svm.c(55,40): error C2059: синтаксическая ошибка: )
D:\WindowsDrivers\svm-vmm\hypervisor\svm.c(55,39): error C2054: требуется "(" после "V"
D:\WindowsDrivers\svm-vmm\hypervisor\svm.c(65,28): error C2143: синтаксическая ошибка: отсутствие ")" перед "*"
D:\WindowsDrivers\svm-vmm\hypervisor\svm.c(65,28): error C2143: синтаксическая ошибка: отсутствие "{" перед "*"
D:\WindowsDrivers\svm-vmm\hypervisor\svm.c(65,31): error C2059: синтаксическая ошибка: )
D:\WindowsDrivers\svm-vmm\hypervisor\svm.c(65,30): error C2054: требуется "(" после "V"
D:\WindowsDrivers\svm-vmm\hypervisor\svm.c(81,31): error C2143: синтаксическая ошибка: отсутствие ")" перед "*"
D:\WindowsDrivers\svm-vmm\hypervisor\svm.c(81,31): error C2143: синтаксическая ошибка: отсутствие "{" перед "*"
D:\WindowsDrivers\svm-vmm\hypervisor\svm.c(81,34): error C2059: синтаксическая ошибка: )
D:\WindowsDrivers\svm-vmm\hypervisor\svm.c(81,33): error C2054: требуется "(" после "V"
D:\WindowsDrivers\svm-vmm\hypervisor\svm.c(106,22): error C2143: синтаксическая ошибка: отсутствие ")" перед "*"
D:\WindowsDrivers\svm-vmm\hypervisor\svm.c(106,22): error C2143: синтаксическая ошибка: отсутствие "{" перед "*"
D:\WindowsDrivers\svm-vmm\hypervisor\svm.c(106,28): error C2059: синтаксическая ошибка: )
D:\WindowsDrivers\svm-vmm\hypervisor\svm.c(106,25): error C2054: требуется "(" после "Out"
D:\WindowsDrivers\svm-vmm\hypervisor\svm.c(135,24): error C2143: синтаксическая ошибка: отсутствие ")" перед "*"
D:\WindowsDrivers\svm-vmm\hypervisor\svm.c(135,24): error C2143: синтаксическая ошибка: отсутствие "{" перед "*"
D:\WindowsDrivers\svm-vmm\hypervisor\svm.c(135,27): error C2059: синтаксическая ошибка: )
D:\WindowsDrivers\svm-vmm\hypervisor\svm.c(135,26): error C2054: требуется "(" после "V"
D:\WindowsDrivers\svm-vmm\hypervisor\svm.c(141,22): error C2143: синтаксическая ошибка: отсутствие ")" перед "*"
D:\WindowsDrivers\svm-vmm\hypervisor\svm.c(141,22): error C2143: синтаксическая ошибка: отсутствие "{" перед "*"
D:\WindowsDrivers\svm-vmm\hypervisor\svm.c(141,25): error C2059: синтаксическая ошибка: )
D:\WindowsDrivers\svm-vmm\hypervisor\svm.c(141,24): error C2054: требуется "(" после "V"
  Создание кода...
